#-----------------------------------------------------------
# Vivado v2017.4 (64-bit)
# SW Build 2086221 on Fri Dec 15 20:55:39 MST 2017
# IP Build 2085800 on Fri Dec 15 22:25:07 MST 2017
# Start of session at: Fri Dec 16 10:18:41 2022
# Process ID: 13940
# Current directory: C:/Users/cheny/Desktop/CS207/project_wm
# Command line: vivado.exe -gui_launcher_event rodinguilauncherevent2932 C:\Users\cheny\Desktop\CS207\project_wm\project_wm.xpr
# Log file: C:/Users/cheny/Desktop/CS207/project_wm/vivado.log
# Journal file: C:/Users/cheny/Desktop/CS207/project_wm\vivado.jou
#-----------------------------------------------------------
start_gui
open_project C:/Users/cheny/Desktop/CS207/project_wm/project_wm.xpr
CRITICAL WARNING: [Project 1-19] Could not find the file 'C:/Users/cheny/Desktop/CS207/project_wm/project_wm.srcs/sources_1/new/full_add1.v'.
CRITICAL WARNING: [Project 1-19] Could not find the file 'C:/Users/cheny/Desktop/CS207/project_wm/step_fsm_sim_behav_1215.wcfg'.
Scanning sources...
Finished scanning sources
INFO: [IP_Flow 19-234] Refreshing IP repositories
INFO: [IP_Flow 19-1704] No user IP repositories specified
INFO: [IP_Flow 19-2313] Loaded Vivado IP repository 'C:/Xilinx/Vivado/2017.4/data/ip'.
update_compile_order -fileset sources_1
update_compile_order -fileset sources_1
reset_run synth_1
launch_runs synth_1 -jobs 4
[Fri Dec 16 10:20:28 2022] Launched synth_1...
Run output will be captured here: C:/Users/cheny/Desktop/CS207/project_wm/project_wm.runs/synth_1/runme.log
launch_runs impl_1 -jobs 4
[Fri Dec 16 10:24:13 2022] Launched impl_1...
Run output will be captured here: C:/Users/cheny/Desktop/CS207/project_wm/project_wm.runs/impl_1/runme.log
launch_runs impl_1 -to_step write_bitstream -jobs 4
[Fri Dec 16 10:26:15 2022] Launched impl_1...
Run output will be captured here: C:/Users/cheny/Desktop/CS207/project_wm/project_wm.runs/impl_1/runme.log
open_hw
connect_hw_server
INFO: [Labtools 27-2285] Connecting to hw_server url TCP:localhost:3121
INFO: [Labtools 27-2222] Launching hw_server...
INFO: [Labtools 27-2221] Launch Output:

****** Xilinx hw_server v2017.4
  **** Build date : Dec 15 2017-21:08:27
    ** Copyright 1986-2017 Xilinx, Inc. All Rights Reserved.


open_hw_target
INFO: [Labtoolstcl 44-466] Opening hw_target localhost:3121/xilinx_tcf/Xilinx/1234-tulA
set_property PROGRAM.FILE {C:/Users/cheny/Desktop/CS207/project_wm/project_wm.runs/impl_1/step_fsm.bit} [get_hw_devices xc7a35t_0]
current_hw_device [get_hw_devices xc7a35t_0]
refresh_hw_device -update_hw_probes false [lindex [get_hw_devices xc7a35t_0] 0]
INFO: [Labtools 27-1434] Device xc7a35t (JTAG device index = 0) is programmed with a design that has no supported debug core(s) in it.
WARNING: [Labtools 27-3361] The debug hub core was not detected.
Resolution: 
1. Make sure the clock connected to the debug hub (dbg_hub) core is a free running clock and is active.
2. Make sure the BSCAN_SWITCH_USER_MASK device property in Vivado Hardware Manager reflects the user scan chain setting in the design and refresh the device.  To determine the user scan chain setting in the design, open the implemented design and use 'get_property C_USER_SCAN_CHAIN [get_debug_cores dbg_hub]'.
For more details on setting the scan chain property, consult the Vivado Debug and Programming User Guide (UG908).
set_property PROBES.FILE {} [get_hw_devices xc7a35t_0]
set_property FULL_PROBES.FILE {} [get_hw_devices xc7a35t_0]
set_property PROGRAM.FILE {C:/Users/cheny/Desktop/CS207/project_wm/project_wm.runs/impl_1/step_fsm.bit} [get_hw_devices xc7a35t_0]
program_hw_devices [get_hw_devices xc7a35t_0]
INFO: [Labtools 27-3164] End of startup status: HIGH
refresh_hw_device [lindex [get_hw_devices xc7a35t_0] 0]
INFO: [Labtools 27-1434] Device xc7a35t (JTAG device index = 0) is programmed with a design that has no supported debug core(s) in it.
WARNING: [Labtools 27-3361] The debug hub core was not detected.
Resolution: 
1. Make sure the clock connected to the debug hub (dbg_hub) core is a free running clock and is active.
2. Make sure the BSCAN_SWITCH_USER_MASK device property in Vivado Hardware Manager reflects the user scan chain setting in the design and refresh the device.  To determine the user scan chain setting in the design, open the implemented design and use 'get_property C_USER_SCAN_CHAIN [get_debug_cores dbg_hub]'.
For more details on setting the scan chain property, consult the Vivado Debug and Programming User Guide (UG908).
close_hw
reset_run synth_1
launch_runs synth_1 -jobs 4
[Fri Dec 16 10:47:26 2022] Launched synth_1...
Run output will be captured here: C:/Users/cheny/Desktop/CS207/project_wm/project_wm.runs/synth_1/runme.log
launch_runs impl_1 -jobs 4
[Fri Dec 16 10:49:26 2022] Launched impl_1...
Run output will be captured here: C:/Users/cheny/Desktop/CS207/project_wm/project_wm.runs/impl_1/runme.log
launch_runs impl_1 -to_step write_bitstream -jobs 4
[Fri Dec 16 10:50:38 2022] Launched impl_1...
Run output will be captured here: C:/Users/cheny/Desktop/CS207/project_wm/project_wm.runs/impl_1/runme.log
open_hw
connect_hw_server
INFO: [Labtools 27-2285] Connecting to hw_server url TCP:localhost:3121
INFO: [Labtools 27-2222] Launching hw_server...
INFO: [Labtools 27-2221] Launch Output:

****** Xilinx hw_server v2017.4
  **** Build date : Dec 15 2017-21:08:27
    ** Copyright 1986-2017 Xilinx, Inc. All Rights Reserved.


open_hw_target
INFO: [Labtoolstcl 44-466] Opening hw_target localhost:3121/xilinx_tcf/Xilinx/1234-tulA
set_property PROGRAM.FILE {C:/Users/cheny/Desktop/CS207/project_wm/project_wm.runs/impl_1/step_fsm.bit} [get_hw_devices xc7a35t_0]
current_hw_device [get_hw_devices xc7a35t_0]
refresh_hw_device -update_hw_probes false [lindex [get_hw_devices xc7a35t_0] 0]
INFO: [Labtools 27-1434] Device xc7a35t (JTAG device index = 0) is programmed with a design that has no supported debug core(s) in it.
WARNING: [Labtools 27-3361] The debug hub core was not detected.
Resolution: 
1. Make sure the clock connected to the debug hub (dbg_hub) core is a free running clock and is active.
2. Make sure the BSCAN_SWITCH_USER_MASK device property in Vivado Hardware Manager reflects the user scan chain setting in the design and refresh the device.  To determine the user scan chain setting in the design, open the implemented design and use 'get_property C_USER_SCAN_CHAIN [get_debug_cores dbg_hub]'.
For more details on setting the scan chain property, consult the Vivado Debug and Programming User Guide (UG908).
set_property PROBES.FILE {} [get_hw_devices xc7a35t_0]
set_property FULL_PROBES.FILE {} [get_hw_devices xc7a35t_0]
set_property PROGRAM.FILE {C:/Users/cheny/Desktop/CS207/project_wm/project_wm.runs/impl_1/step_fsm.bit} [get_hw_devices xc7a35t_0]
program_hw_devices [get_hw_devices xc7a35t_0]
INFO: [Labtools 27-3164] End of startup status: HIGH
refresh_hw_device [lindex [get_hw_devices xc7a35t_0] 0]
INFO: [Labtools 27-1434] Device xc7a35t (JTAG device index = 0) is programmed with a design that has no supported debug core(s) in it.
WARNING: [Labtools 27-3361] The debug hub core was not detected.
Resolution: 
1. Make sure the clock connected to the debug hub (dbg_hub) core is a free running clock and is active.
2. Make sure the BSCAN_SWITCH_USER_MASK device property in Vivado Hardware Manager reflects the user scan chain setting in the design and refresh the device.  To determine the user scan chain setting in the design, open the implemented design and use 'get_property C_USER_SCAN_CHAIN [get_debug_cores dbg_hub]'.
For more details on setting the scan chain property, consult the Vivado Debug and Programming User Guide (UG908).
reset_run synth_1
launch_runs synth_1 -jobs 4
[Fri Dec 16 11:04:48 2022] Launched synth_1...
Run output will be captured here: C:/Users/cheny/Desktop/CS207/project_wm/project_wm.runs/synth_1/runme.log
launch_runs impl_1 -jobs 4
[Fri Dec 16 11:05:56 2022] Launched impl_1...
Run output will be captured here: C:/Users/cheny/Desktop/CS207/project_wm/project_wm.runs/impl_1/runme.log
launch_runs impl_1 -to_step write_bitstream -jobs 4
[Fri Dec 16 11:07:15 2022] Launched impl_1...
Run output will be captured here: C:/Users/cheny/Desktop/CS207/project_wm/project_wm.runs/impl_1/runme.log
set_property PROBES.FILE {} [get_hw_devices xc7a35t_0]
set_property FULL_PROBES.FILE {} [get_hw_devices xc7a35t_0]
set_property PROGRAM.FILE {C:/Users/cheny/Desktop/CS207/project_wm/project_wm.runs/impl_1/step_fsm.bit} [get_hw_devices xc7a35t_0]
program_hw_devices [get_hw_devices xc7a35t_0]
INFO: [Labtools 27-3164] End of startup status: HIGH
refresh_hw_device [lindex [get_hw_devices xc7a35t_0] 0]
INFO: [Labtools 27-1434] Device xc7a35t (JTAG device index = 0) is programmed with a design that has no supported debug core(s) in it.
WARNING: [Labtools 27-3361] The debug hub core was not detected.
Resolution: 
1. Make sure the clock connected to the debug hub (dbg_hub) core is a free running clock and is active.
2. Make sure the BSCAN_SWITCH_USER_MASK device property in Vivado Hardware Manager reflects the user scan chain setting in the design and refresh the device.  To determine the user scan chain setting in the design, open the implemented design and use 'get_property C_USER_SCAN_CHAIN [get_debug_cores dbg_hub]'.
For more details on setting the scan chain property, consult the Vivado Debug and Programming User Guide (UG908).
launch_simulation
INFO: [Vivado 12-5682] Launching behavioral simulation in 'C:/Users/cheny/Desktop/CS207/project_wm/project_wm.sim/sim_1/behav/xsim'
INFO: [SIM-utils-51] Simulation object is 'sim_1'
INFO: [SIM-utils-54] Inspecting design source files for 'step_fsm_sim' in fileset 'sim_1'...
INFO: [USF-XSim-97] Finding global include files...
INFO: [USF-XSim-98] Fetching design files from 'sim_1'...
INFO: [USF-XSim-2] XSim::Compile design
INFO: [USF-XSim-61] Executing 'COMPILE and ANALYZE' step in 'C:/Users/cheny/Desktop/CS207/project_wm/project_wm.sim/sim_1/behav/xsim'
"xvlog --incr --relax -prj step_fsm_sim_vlog.prj"
INFO: [VRFC 10-2263] Analyzing Verilog file "C:/Users/cheny/Desktop/CS207/project_wm/project_wm.srcs/sources_1/new/counter.v" into library xil_defaultlib
INFO: [VRFC 10-311] analyzing module counter
INFO: [VRFC 10-2263] Analyzing Verilog file "C:/Users/cheny/Desktop/CS207/Washing_machine/Washing_machine.srcs/sources_1/new/mode_light.v" into library xil_defaultlib
INFO: [VRFC 10-311] analyzing module mode_light
INFO: [VRFC 10-2263] Analyzing Verilog file "C:/Users/cheny/Desktop/CS207/project_wm/project_wm.srcs/sources_1/new/setting.v" into library xil_defaultlib
INFO: [VRFC 10-311] analyzing module setting
INFO: [VRFC 10-2263] Analyzing Verilog file "C:/Users/cheny/Desktop/CS207/Washing_machine/Washing_machine.srcs/sources_1/new/step_fsm.v" into library xil_defaultlib
INFO: [VRFC 10-311] analyzing module step_fsm
INFO: [VRFC 10-2263] Analyzing Verilog file "C:/Users/cheny/Desktop/CS207/project_wm/project_wm.srcs/sources_1/new/subn.v" into library xil_defaultlib
INFO: [VRFC 10-311] analyzing module subn
INFO: [VRFC 10-2263] Analyzing Verilog file "C:/Users/cheny/Desktop/CS207/project_wm/project_wm.srcs/sim_1/new/step_fsm_sim.v" into library xil_defaultlib
INFO: [VRFC 10-311] analyzing module step_fsm_sim
INFO: [USF-XSim-69] 'compile' step finished in '1' seconds
INFO: [USF-XSim-3] XSim::Elaborate design
INFO: [USF-XSim-61] Executing 'ELABORATE' step in 'C:/Users/cheny/Desktop/CS207/project_wm/project_wm.sim/sim_1/behav/xsim'
Vivado Simulator 2017.4
Copyright 1986-1999, 2001-2016 Xilinx, Inc. All Rights Reserved.
Running: C:/Xilinx/Vivado/2017.4/bin/unwrapped/win64.o/xelab.exe -wto bead60d96be4494c8b5c8f32bbf8b6a6 --incr --debug typical --relax --mt 2 -L xil_defaultlib -L unisims_ver -L unimacro_ver -L secureip --snapshot step_fsm_sim_behav xil_defaultlib.step_fsm_sim xil_defaultlib.glbl -log elaborate.log 
Using 2 slave threads.
Starting static elaboration
Completed static elaboration
Starting simulation data flow analysis
Completed simulation data flow analysis
Time Resolution for simulation is 1ps
Compiling module xil_defaultlib.mode_light
Compiling module xil_defaultlib.counter
Compiling module xil_defaultlib.subn
Compiling module xil_defaultlib.setting
Compiling module xil_defaultlib.step_fsm
Compiling module xil_defaultlib.step_fsm_sim
Compiling module xil_defaultlib.glbl
Built simulation snapshot step_fsm_sim_behav

****** Webtalk v2017.4 (64-bit)
  **** SW Build 2086221 on Fri Dec 15 20:55:39 MST 2017
  **** IP Build 2085800 on Fri Dec 15 22:25:07 MST 2017
    ** Copyright 1986-2017 Xilinx, Inc. All Rights Reserved.

source C:/Users/cheny/Desktop/CS207/project_wm/project_wm.sim/sim_1/behav/xsim/xsim.dir/step_fsm_sim_behav/webtalk/xsim_webtalk.tcl -notrace
webtalk_transmit: Time (s): cpu = 00:00:00 ; elapsed = 00:00:05 . Memory (MB): peak = 51.336 ; gain = 0.871
INFO: [Common 17-206] Exiting Webtalk at Fri Dec 16 11:22:33 2022...
run_program: Time (s): cpu = 00:00:00 ; elapsed = 00:00:09 . Memory (MB): peak = 1459.621 ; gain = 0.098
INFO: [USF-XSim-69] 'elaborate' step finished in '10' seconds
INFO: [USF-XSim-4] XSim::Simulate design
WARNING: [USF-XSim-17] WCFG file does not exist:C:/Users/cheny/Desktop/CS207/project_wm/step_fsm_sim_behav_1215.wcfg
WARNING: [USF-XSim-17] WCFG file does not exist:C:/Users/cheny/Desktop/CS207/project_wm/step_fsm_sim_behav_1215.wcfg
INFO: [USF-XSim-61] Executing 'SIMULATE' step in 'C:/Users/cheny/Desktop/CS207/project_wm/project_wm.sim/sim_1/behav/xsim'
INFO: [USF-XSim-98] *** Running xsim
   with args "step_fsm_sim_behav -key {Behavioral:sim_1:Functional:step_fsm_sim} -tclbatch {step_fsm_sim.tcl} -log {simulate.log}"
INFO: [USF-XSim-8] Loading simulator feature
Vivado Simulator 2017.4
Time resolution is 1 ps
source step_fsm_sim.tcl
# set curr_wave [current_wave_config]
# if { [string length $curr_wave] == 0 } {
#   if { [llength [get_objects]] > 0} {
#     add_wave /
#     set_property needs_save false [current_wave_config]
#   } else {
#      send_msg_id Add_Wave-1 WARNING "No top level signals found. Simulator will start without a wave window. If you want to open a wave window go to 'File->New Waveform Configuration' or type 'create_wave_config' in the TCL console."
#   }
# }
# run 2000ns
$finish called at time : 1210 ns : File "C:/Users/cheny/Desktop/CS207/project_wm/project_wm.srcs/sim_1/new/step_fsm_sim.v" Line 96
INFO: [USF-XSim-96] XSim completed. Design snapshot 'step_fsm_sim_behav' loaded.
INFO: [USF-XSim-97] XSim simulation ran for 2000ns
launch_simulation: Time (s): cpu = 00:00:04 ; elapsed = 00:00:14 . Memory (MB): peak = 1477.391 ; gain = 19.648
update_compile_order -fileset sources_1
update_compile_order -fileset sources_1
reset_run synth_1
WARNING: [Vivado 12-1017] Problems encountered:
1. Failed to delete one or more files in run directory C:/Users/cheny/Desktop/CS207/project_wm/project_wm.runs/synth_1

launch_runs synth_1 -jobs 4
[Fri Dec 16 11:45:33 2022] Launched synth_1...
Run output will be captured here: C:/Users/cheny/Desktop/CS207/project_wm/project_wm.runs/synth_1/runme.log
launch_runs impl_1 -jobs 4
[Fri Dec 16 11:46:40 2022] Launched impl_1...
Run output will be captured here: C:/Users/cheny/Desktop/CS207/project_wm/project_wm.runs/impl_1/runme.log
launch_runs impl_1 -to_step write_bitstream -jobs 4
[Fri Dec 16 11:47:55 2022] Launched impl_1...
Run output will be captured here: C:/Users/cheny/Desktop/CS207/project_wm/project_wm.runs/impl_1/runme.log
set_property PROBES.FILE {} [get_hw_devices xc7a35t_0]
set_property FULL_PROBES.FILE {} [get_hw_devices xc7a35t_0]
set_property PROGRAM.FILE {C:/Users/cheny/Desktop/CS207/project_wm/project_wm.runs/impl_1/step_fsm.bit} [get_hw_devices xc7a35t_0]
program_hw_devices [get_hw_devices xc7a35t_0]
INFO: [Labtools 27-3164] End of startup status: HIGH
refresh_hw_device [lindex [get_hw_devices xc7a35t_0] 0]
INFO: [Labtools 27-1434] Device xc7a35t (JTAG device index = 0) is programmed with a design that has no supported debug core(s) in it.
WARNING: [Labtools 27-3361] The debug hub core was not detected.
Resolution: 
1. Make sure the clock connected to the debug hub (dbg_hub) core is a free running clock and is active.
2. Make sure the BSCAN_SWITCH_USER_MASK device property in Vivado Hardware Manager reflects the user scan chain setting in the design and refresh the device.  To determine the user scan chain setting in the design, open the implemented design and use 'get_property C_USER_SCAN_CHAIN [get_debug_cores dbg_hub]'.
For more details on setting the scan chain property, consult the Vivado Debug and Programming User Guide (UG908).
reset_run synth_1
WARNING: [Vivado 12-1017] Problems encountered:
1. Failed to delete one or more files in run directory C:/Users/cheny/Desktop/CS207/project_wm/project_wm.runs/synth_1

launch_runs synth_1 -jobs 4
[Fri Dec 16 12:05:58 2022] Launched synth_1...
Run output will be captured here: C:/Users/cheny/Desktop/CS207/project_wm/project_wm.runs/synth_1/runme.log
launch_runs impl_1 -jobs 4
[Fri Dec 16 12:07:12 2022] Launched impl_1...
Run output will be captured here: C:/Users/cheny/Desktop/CS207/project_wm/project_wm.runs/impl_1/runme.log
launch_runs impl_1 -to_step write_bitstream -jobs 4
[Fri Dec 16 12:08:25 2022] Launched impl_1...
Run output will be captured here: C:/Users/cheny/Desktop/CS207/project_wm/project_wm.runs/impl_1/runme.log
set_property PROBES.FILE {} [get_hw_devices xc7a35t_0]
set_property FULL_PROBES.FILE {} [get_hw_devices xc7a35t_0]
set_property PROGRAM.FILE {C:/Users/cheny/Desktop/CS207/project_wm/project_wm.runs/impl_1/step_fsm.bit} [get_hw_devices xc7a35t_0]
program_hw_devices [get_hw_devices xc7a35t_0]
INFO: [Labtools 27-3164] End of startup status: HIGH
refresh_hw_device [lindex [get_hw_devices xc7a35t_0] 0]
INFO: [Labtools 27-1434] Device xc7a35t (JTAG device index = 0) is programmed with a design that has no supported debug core(s) in it.
WARNING: [Labtools 27-3361] The debug hub core was not detected.
Resolution: 
1. Make sure the clock connected to the debug hub (dbg_hub) core is a free running clock and is active.
2. Make sure the BSCAN_SWITCH_USER_MASK device property in Vivado Hardware Manager reflects the user scan chain setting in the design and refresh the device.  To determine the user scan chain setting in the design, open the implemented design and use 'get_property C_USER_SCAN_CHAIN [get_debug_cores dbg_hub]'.
For more details on setting the scan chain property, consult the Vivado Debug and Programming User Guide (UG908).
reset_run synth_1
WARNING: [Vivado 12-1017] Problems encountered:
1. Failed to delete one or more files in run directory C:/Users/cheny/Desktop/CS207/project_wm/project_wm.runs/synth_1

launch_runs synth_1 -jobs 4
[Fri Dec 16 13:10:16 2022] Launched synth_1...
Run output will be captured here: C:/Users/cheny/Desktop/CS207/project_wm/project_wm.runs/synth_1/runme.log
launch_runs impl_1 -jobs 4
[Fri Dec 16 13:11:19 2022] Launched impl_1...
Run output will be captured here: C:/Users/cheny/Desktop/CS207/project_wm/project_wm.runs/impl_1/runme.log
launch_runs impl_1 -to_step write_bitstream -jobs 4
[Fri Dec 16 13:12:24 2022] Launched impl_1...
Run output will be captured here: C:/Users/cheny/Desktop/CS207/project_wm/project_wm.runs/impl_1/runme.log
open_run impl_1
INFO: [Netlist 29-17] Analyzing 48 Unisim elements for replacement
INFO: [Netlist 29-28] Unisim Transformation completed in 0 CPU seconds
INFO: [Project 1-479] Netlist was created with Vivado 2017.4
INFO: [Device 21-403] Loading part xc7a35tcsg324-1
INFO: [Project 1-570] Preparing netlist for logic optimization
Parsing XDC File [C:/Users/cheny/Desktop/CS207/project_wm/.Xil/Vivado-13940-DESKTOP-G2ORSD1/dcp12/step_fsm.xdc]
Finished Parsing XDC File [C:/Users/cheny/Desktop/CS207/project_wm/.Xil/Vivado-13940-DESKTOP-G2ORSD1/dcp12/step_fsm.xdc]
Reading XDEF placement.
Reading placer database...
Reading XDEF routing.
Read XDEF File: Time (s): cpu = 00:00:01 ; elapsed = 00:00:00.046 . Memory (MB): peak = 1784.625 ; gain = 0.273
Restored from archive | CPU: 1.000000 secs | Memory: 0.000000 MB |
Finished XDEF File Restore: Time (s): cpu = 00:00:01 ; elapsed = 00:00:00.046 . Memory (MB): peak = 1784.625 ; gain = 0.273
INFO: [Project 1-111] Unisim Transformation Summary:
No Unisim elements were transformed.

open_run: Time (s): cpu = 00:00:12 ; elapsed = 00:00:09 . Memory (MB): peak = 1897.961 ; gain = 399.227
WARNING: [Timing 38-313] There are no user specified timing constraints. Timing constraints are needed for proper timing analysis.
set_property PROBES.FILE {} [get_hw_devices xc7a35t_0]
set_property FULL_PROBES.FILE {} [get_hw_devices xc7a35t_0]
set_property PROGRAM.FILE {C:/Users/cheny/Desktop/CS207/project_wm/project_wm.runs/impl_1/step_fsm.bit} [get_hw_devices xc7a35t_0]
program_hw_devices [get_hw_devices xc7a35t_0]
INFO: [Labtools 27-3164] End of startup status: HIGH
refresh_hw_device [lindex [get_hw_devices xc7a35t_0] 0]
INFO: [Labtools 27-1434] Device xc7a35t (JTAG device index = 0) is programmed with a design that has no supported debug core(s) in it.
WARNING: [Labtools 27-3361] The debug hub core was not detected.
Resolution: 
1. Make sure the clock connected to the debug hub (dbg_hub) core is a free running clock and is active.
2. Make sure the BSCAN_SWITCH_USER_MASK device property in Vivado Hardware Manager reflects the user scan chain setting in the design and refresh the device.  To determine the user scan chain setting in the design, open the implemented design and use 'get_property C_USER_SCAN_CHAIN [get_debug_cores dbg_hub]'.
For more details on setting the scan chain property, consult the Vivado Debug and Programming User Guide (UG908).
reset_run synth_1
WARNING: [Vivado 12-1017] Problems encountered:
1. Failed to delete one or more files in run directory C:/Users/cheny/Desktop/CS207/project_wm/project_wm.runs/synth_1

launch_runs synth_1 -jobs 4
[Fri Dec 16 13:15:26 2022] Launched synth_1...
Run output will be captured here: C:/Users/cheny/Desktop/CS207/project_wm/project_wm.runs/synth_1/runme.log
launch_runs impl_1 -jobs 4
[Fri Dec 16 13:16:28 2022] Launched impl_1...
Run output will be captured here: C:/Users/cheny/Desktop/CS207/project_wm/project_wm.runs/impl_1/runme.log
launch_runs impl_1 -to_step write_bitstream -jobs 4
[Fri Dec 16 13:17:25 2022] Launched impl_1...
Run output will be captured here: C:/Users/cheny/Desktop/CS207/project_wm/project_wm.runs/impl_1/runme.log
set_property PROBES.FILE {} [get_hw_devices xc7a35t_0]
set_property FULL_PROBES.FILE {} [get_hw_devices xc7a35t_0]
set_property PROGRAM.FILE {C:/Users/cheny/Desktop/CS207/project_wm/project_wm.runs/impl_1/step_fsm.bit} [get_hw_devices xc7a35t_0]
program_hw_devices [get_hw_devices xc7a35t_0]
INFO: [Labtools 27-3164] End of startup status: HIGH
refresh_hw_device [lindex [get_hw_devices xc7a35t_0] 0]
INFO: [Labtools 27-1434] Device xc7a35t (JTAG device index = 0) is programmed with a design that has no supported debug core(s) in it.
WARNING: [Labtools 27-3361] The debug hub core was not detected.
Resolution: 
1. Make sure the clock connected to the debug hub (dbg_hub) core is a free running clock and is active.
2. Make sure the BSCAN_SWITCH_USER_MASK device property in Vivado Hardware Manager reflects the user scan chain setting in the design and refresh the device.  To determine the user scan chain setting in the design, open the implemented design and use 'get_property C_USER_SCAN_CHAIN [get_debug_cores dbg_hub]'.
For more details on setting the scan chain property, consult the Vivado Debug and Programming User Guide (UG908).
reset_run synth_1
WARNING: [Vivado 12-1017] Problems encountered:
1. Failed to delete one or more files in run directory C:/Users/cheny/Desktop/CS207/project_wm/project_wm.runs/synth_1

launch_runs synth_1 -jobs 4
[Fri Dec 16 13:21:13 2022] Launched synth_1...
Run output will be captured here: C:/Users/cheny/Desktop/CS207/project_wm/project_wm.runs/synth_1/runme.log
launch_runs impl_1 -jobs 4
[Fri Dec 16 13:22:24 2022] Launched impl_1...
Run output will be captured here: C:/Users/cheny/Desktop/CS207/project_wm/project_wm.runs/impl_1/runme.log
launch_runs impl_1 -to_step write_bitstream -jobs 4
[Fri Dec 16 13:23:26 2022] Launched impl_1...
Run output will be captured here: C:/Users/cheny/Desktop/CS207/project_wm/project_wm.runs/impl_1/runme.log
set_property PROBES.FILE {} [get_hw_devices xc7a35t_0]
set_property FULL_PROBES.FILE {} [get_hw_devices xc7a35t_0]
set_property PROGRAM.FILE {C:/Users/cheny/Desktop/CS207/project_wm/project_wm.runs/impl_1/step_fsm.bit} [get_hw_devices xc7a35t_0]
program_hw_devices [get_hw_devices xc7a35t_0]
INFO: [Labtools 27-3164] End of startup status: HIGH
refresh_hw_device [lindex [get_hw_devices xc7a35t_0] 0]
INFO: [Labtools 27-1434] Device xc7a35t (JTAG device index = 0) is programmed with a design that has no supported debug core(s) in it.
WARNING: [Labtools 27-3361] The debug hub core was not detected.
Resolution: 
1. Make sure the clock connected to the debug hub (dbg_hub) core is a free running clock and is active.
2. Make sure the BSCAN_SWITCH_USER_MASK device property in Vivado Hardware Manager reflects the user scan chain setting in the design and refresh the device.  To determine the user scan chain setting in the design, open the implemented design and use 'get_property C_USER_SCAN_CHAIN [get_debug_cores dbg_hub]'.
For more details on setting the scan chain property, consult the Vivado Debug and Programming User Guide (UG908).
reset_run synth_1
WARNING: [Vivado 12-1017] Problems encountered:
1. Failed to delete one or more files in run directory C:/Users/cheny/Desktop/CS207/project_wm/project_wm.runs/synth_1

launch_runs synth_1 -jobs 4
[Fri Dec 16 13:25:25 2022] Launched synth_1...
Run output will be captured here: C:/Users/cheny/Desktop/CS207/project_wm/project_wm.runs/synth_1/runme.log
launch_runs impl_1 -jobs 4
[Fri Dec 16 13:27:03 2022] Launched impl_1...
Run output will be captured here: C:/Users/cheny/Desktop/CS207/project_wm/project_wm.runs/impl_1/runme.log
launch_runs impl_1 -to_step write_bitstream -jobs 4
[Fri Dec 16 13:28:03 2022] Launched impl_1...
Run output will be captured here: C:/Users/cheny/Desktop/CS207/project_wm/project_wm.runs/impl_1/runme.log
set_property PROBES.FILE {} [get_hw_devices xc7a35t_0]
set_property FULL_PROBES.FILE {} [get_hw_devices xc7a35t_0]
set_property PROGRAM.FILE {C:/Users/cheny/Desktop/CS207/project_wm/project_wm.runs/impl_1/step_fsm.bit} [get_hw_devices xc7a35t_0]
program_hw_devices [get_hw_devices xc7a35t_0]
INFO: [Labtools 27-3164] End of startup status: HIGH
refresh_hw_device [lindex [get_hw_devices xc7a35t_0] 0]
INFO: [Labtools 27-1434] Device xc7a35t (JTAG device index = 0) is programmed with a design that has no supported debug core(s) in it.
WARNING: [Labtools 27-3361] The debug hub core was not detected.
Resolution: 
1. Make sure the clock connected to the debug hub (dbg_hub) core is a free running clock and is active.
2. Make sure the BSCAN_SWITCH_USER_MASK device property in Vivado Hardware Manager reflects the user scan chain setting in the design and refresh the device.  To determine the user scan chain setting in the design, open the implemented design and use 'get_property C_USER_SCAN_CHAIN [get_debug_cores dbg_hub]'.
For more details on setting the scan chain property, consult the Vivado Debug and Programming User Guide (UG908).
update_compile_order -fileset sources_1
update_compile_order -fileset sources_1
reset_run synth_1
WARNING: [Vivado 12-1017] Problems encountered:
1. Failed to delete one or more files in run directory C:/Users/cheny/Desktop/CS207/project_wm/project_wm.runs/synth_1

launch_runs synth_1 -jobs 4
[Fri Dec 16 13:36:49 2022] Launched synth_1...
Run output will be captured here: C:/Users/cheny/Desktop/CS207/project_wm/project_wm.runs/synth_1/runme.log
launch_runs impl_1 -jobs 4
[Fri Dec 16 13:38:12 2022] Launched impl_1...
Run output will be captured here: C:/Users/cheny/Desktop/CS207/project_wm/project_wm.runs/impl_1/runme.log
launch_runs impl_1 -to_step write_bitstream -jobs 4
[Fri Dec 16 13:39:25 2022] Launched impl_1...
Run output will be captured here: C:/Users/cheny/Desktop/CS207/project_wm/project_wm.runs/impl_1/runme.log
set_property PROBES.FILE {} [get_hw_devices xc7a35t_0]
set_property FULL_PROBES.FILE {} [get_hw_devices xc7a35t_0]
set_property PROGRAM.FILE {C:/Users/cheny/Desktop/CS207/project_wm/project_wm.runs/impl_1/step_fsm.bit} [get_hw_devices xc7a35t_0]
program_hw_devices [get_hw_devices xc7a35t_0]
INFO: [Labtools 27-3164] End of startup status: HIGH
refresh_hw_device [lindex [get_hw_devices xc7a35t_0] 0]
INFO: [Labtools 27-1434] Device xc7a35t (JTAG device index = 0) is programmed with a design that has no supported debug core(s) in it.
WARNING: [Labtools 27-3361] The debug hub core was not detected.
Resolution: 
1. Make sure the clock connected to the debug hub (dbg_hub) core is a free running clock and is active.
2. Make sure the BSCAN_SWITCH_USER_MASK device property in Vivado Hardware Manager reflects the user scan chain setting in the design and refresh the device.  To determine the user scan chain setting in the design, open the implemented design and use 'get_property C_USER_SCAN_CHAIN [get_debug_cores dbg_hub]'.
For more details on setting the scan chain property, consult the Vivado Debug and Programming User Guide (UG908).
reset_run synth_1
WARNING: [Vivado 12-1017] Problems encountered:
1. Failed to delete one or more files in run directory C:/Users/cheny/Desktop/CS207/project_wm/project_wm.runs/synth_1

launch_runs synth_1 -jobs 4
[Fri Dec 16 13:42:08 2022] Launched synth_1...
Run output will be captured here: C:/Users/cheny/Desktop/CS207/project_wm/project_wm.runs/synth_1/runme.log
launch_runs impl_1 -jobs 4
[Fri Dec 16 13:42:48 2022] Launched impl_1...
Run output will be captured here: C:/Users/cheny/Desktop/CS207/project_wm/project_wm.runs/impl_1/runme.log
launch_runs impl_1 -to_step write_bitstream -jobs 4
[Fri Dec 16 13:43:49 2022] Launched impl_1...
Run output will be captured here: C:/Users/cheny/Desktop/CS207/project_wm/project_wm.runs/impl_1/runme.log
set_property PROBES.FILE {} [get_hw_devices xc7a35t_0]
set_property FULL_PROBES.FILE {} [get_hw_devices xc7a35t_0]
set_property PROGRAM.FILE {C:/Users/cheny/Desktop/CS207/project_wm/project_wm.runs/impl_1/step_fsm.bit} [get_hw_devices xc7a35t_0]
program_hw_devices [get_hw_devices xc7a35t_0]
INFO: [Labtools 27-3164] End of startup status: HIGH
refresh_hw_device [lindex [get_hw_devices xc7a35t_0] 0]
INFO: [Labtools 27-1434] Device xc7a35t (JTAG device index = 0) is programmed with a design that has no supported debug core(s) in it.
WARNING: [Labtools 27-3361] The debug hub core was not detected.
Resolution: 
1. Make sure the clock connected to the debug hub (dbg_hub) core is a free running clock and is active.
2. Make sure the BSCAN_SWITCH_USER_MASK device property in Vivado Hardware Manager reflects the user scan chain setting in the design and refresh the device.  To determine the user scan chain setting in the design, open the implemented design and use 'get_property C_USER_SCAN_CHAIN [get_debug_cores dbg_hub]'.
For more details on setting the scan chain property, consult the Vivado Debug and Programming User Guide (UG908).
reset_run synth_1
WARNING: [Vivado 12-1017] Problems encountered:
1. Failed to delete one or more files in run directory C:/Users/cheny/Desktop/CS207/project_wm/project_wm.runs/synth_1

launch_runs synth_1 -jobs 4
[Fri Dec 16 13:48:57 2022] Launched synth_1...
Run output will be captured here: C:/Users/cheny/Desktop/CS207/project_wm/project_wm.runs/synth_1/runme.log
launch_runs impl_1 -jobs 4
[Fri Dec 16 13:49:38 2022] Launched impl_1...
Run output will be captured here: C:/Users/cheny/Desktop/CS207/project_wm/project_wm.runs/impl_1/runme.log
launch_runs impl_1 -to_step write_bitstream -jobs 4
[Fri Dec 16 13:50:36 2022] Launched impl_1...
Run output will be captured here: C:/Users/cheny/Desktop/CS207/project_wm/project_wm.runs/impl_1/runme.log
set_property PROBES.FILE {} [get_hw_devices xc7a35t_0]
set_property FULL_PROBES.FILE {} [get_hw_devices xc7a35t_0]
set_property PROGRAM.FILE {C:/Users/cheny/Desktop/CS207/project_wm/project_wm.runs/impl_1/step_fsm.bit} [get_hw_devices xc7a35t_0]
program_hw_devices [get_hw_devices xc7a35t_0]
INFO: [Labtools 27-3164] End of startup status: HIGH
refresh_hw_device [lindex [get_hw_devices xc7a35t_0] 0]
INFO: [Labtools 27-1434] Device xc7a35t (JTAG device index = 0) is programmed with a design that has no supported debug core(s) in it.
WARNING: [Labtools 27-3361] The debug hub core was not detected.
Resolution: 
1. Make sure the clock connected to the debug hub (dbg_hub) core is a free running clock and is active.
2. Make sure the BSCAN_SWITCH_USER_MASK device property in Vivado Hardware Manager reflects the user scan chain setting in the design and refresh the device.  To determine the user scan chain setting in the design, open the implemented design and use 'get_property C_USER_SCAN_CHAIN [get_debug_cores dbg_hub]'.
For more details on setting the scan chain property, consult the Vivado Debug and Programming User Guide (UG908).
set_property PROBES.FILE {} [get_hw_devices xc7a35t_0]
set_property FULL_PROBES.FILE {} [get_hw_devices xc7a35t_0]
set_property PROGRAM.FILE {C:/Users/cheny/Desktop/CS207/project_wm/project_wm.runs/impl_1/step_fsm.bit} [get_hw_devices xc7a35t_0]
program_hw_devices [get_hw_devices xc7a35t_0]
INFO: [Labtools 27-3164] End of startup status: HIGH
refresh_hw_device [lindex [get_hw_devices xc7a35t_0] 0]
INFO: [Labtools 27-1434] Device xc7a35t (JTAG device index = 0) is programmed with a design that has no supported debug core(s) in it.
WARNING: [Labtools 27-3361] The debug hub core was not detected.
Resolution: 
1. Make sure the clock connected to the debug hub (dbg_hub) core is a free running clock and is active.
2. Make sure the BSCAN_SWITCH_USER_MASK device property in Vivado Hardware Manager reflects the user scan chain setting in the design and refresh the device.  To determine the user scan chain setting in the design, open the implemented design and use 'get_property C_USER_SCAN_CHAIN [get_debug_cores dbg_hub]'.
For more details on setting the scan chain property, consult the Vivado Debug and Programming User Guide (UG908).
reset_run synth_1
WARNING: [Vivado 12-1017] Problems encountered:
1. Failed to delete one or more files in run directory C:/Users/cheny/Desktop/CS207/project_wm/project_wm.runs/synth_1

launch_runs synth_1 -jobs 4
[Fri Dec 16 13:54:39 2022] Launched synth_1...
Run output will be captured here: C:/Users/cheny/Desktop/CS207/project_wm/project_wm.runs/synth_1/runme.log
launch_runs impl_1 -jobs 4
[Fri Dec 16 13:55:20 2022] Launched impl_1...
Run output will be captured here: C:/Users/cheny/Desktop/CS207/project_wm/project_wm.runs/impl_1/runme.log
launch_runs impl_1 -to_step write_bitstream -jobs 4
[Fri Dec 16 13:56:19 2022] Launched impl_1...
Run output will be captured here: C:/Users/cheny/Desktop/CS207/project_wm/project_wm.runs/impl_1/runme.log
set_property PROBES.FILE {} [get_hw_devices xc7a35t_0]
set_property FULL_PROBES.FILE {} [get_hw_devices xc7a35t_0]
set_property PROGRAM.FILE {C:/Users/cheny/Desktop/CS207/project_wm/project_wm.runs/impl_1/step_fsm.bit} [get_hw_devices xc7a35t_0]
program_hw_devices [get_hw_devices xc7a35t_0]
INFO: [Labtools 27-3164] End of startup status: HIGH
refresh_hw_device [lindex [get_hw_devices xc7a35t_0] 0]
INFO: [Labtools 27-1434] Device xc7a35t (JTAG device index = 0) is programmed with a design that has no supported debug core(s) in it.
WARNING: [Labtools 27-3361] The debug hub core was not detected.
Resolution: 
1. Make sure the clock connected to the debug hub (dbg_hub) core is a free running clock and is active.
2. Make sure the BSCAN_SWITCH_USER_MASK device property in Vivado Hardware Manager reflects the user scan chain setting in the design and refresh the device.  To determine the user scan chain setting in the design, open the implemented design and use 'get_property C_USER_SCAN_CHAIN [get_debug_cores dbg_hub]'.
For more details on setting the scan chain property, consult the Vivado Debug and Programming User Guide (UG908).
reset_run synth_1
WARNING: [Vivado 12-1017] Problems encountered:
1. Failed to delete one or more files in run directory C:/Users/cheny/Desktop/CS207/project_wm/project_wm.runs/synth_1

launch_runs synth_1 -jobs 4
[Fri Dec 16 13:59:21 2022] Launched synth_1...
Run output will be captured here: C:/Users/cheny/Desktop/CS207/project_wm/project_wm.runs/synth_1/runme.log
launch_runs impl_1 -jobs 4
[Fri Dec 16 14:00:01 2022] Launched impl_1...
Run output will be captured here: C:/Users/cheny/Desktop/CS207/project_wm/project_wm.runs/impl_1/runme.log
launch_runs impl_1 -to_step write_bitstream -jobs 4
[Fri Dec 16 14:01:02 2022] Launched impl_1...
Run output will be captured here: C:/Users/cheny/Desktop/CS207/project_wm/project_wm.runs/impl_1/runme.log
set_property PROBES.FILE {} [get_hw_devices xc7a35t_0]
set_property FULL_PROBES.FILE {} [get_hw_devices xc7a35t_0]
set_property PROGRAM.FILE {C:/Users/cheny/Desktop/CS207/project_wm/project_wm.runs/impl_1/step_fsm.bit} [get_hw_devices xc7a35t_0]
program_hw_devices [get_hw_devices xc7a35t_0]
INFO: [Labtools 27-3164] End of startup status: HIGH
refresh_hw_device [lindex [get_hw_devices xc7a35t_0] 0]
INFO: [Labtools 27-1434] Device xc7a35t (JTAG device index = 0) is programmed with a design that has no supported debug core(s) in it.
WARNING: [Labtools 27-3361] The debug hub core was not detected.
Resolution: 
1. Make sure the clock connected to the debug hub (dbg_hub) core is a free running clock and is active.
2. Make sure the BSCAN_SWITCH_USER_MASK device property in Vivado Hardware Manager reflects the user scan chain setting in the design and refresh the device.  To determine the user scan chain setting in the design, open the implemented design and use 'get_property C_USER_SCAN_CHAIN [get_debug_cores dbg_hub]'.
For more details on setting the scan chain property, consult the Vivado Debug and Programming User Guide (UG908).
reset_run synth_1
WARNING: [Vivado 12-1017] Problems encountered:
1. Failed to delete one or more files in run directory C:/Users/cheny/Desktop/CS207/project_wm/project_wm.runs/synth_1

launch_runs synth_1 -jobs 4
[Fri Dec 16 14:06:30 2022] Launched synth_1...
Run output will be captured here: C:/Users/cheny/Desktop/CS207/project_wm/project_wm.runs/synth_1/runme.log
launch_runs impl_1 -jobs 4
[Fri Dec 16 14:07:40 2022] Launched impl_1...
Run output will be captured here: C:/Users/cheny/Desktop/CS207/project_wm/project_wm.runs/impl_1/runme.log
launch_runs impl_1 -to_step write_bitstream -jobs 4
[Fri Dec 16 14:08:46 2022] Launched impl_1...
Run output will be captured here: C:/Users/cheny/Desktop/CS207/project_wm/project_wm.runs/impl_1/runme.log
reset_run synth_1
WARNING: [Vivado 12-1017] Problems encountered:
1. Failed to delete one or more files in run directory C:/Users/cheny/Desktop/CS207/project_wm/project_wm.runs/synth_1

launch_runs synth_1 -jobs 4
[Fri Dec 16 14:10:23 2022] Launched synth_1...
Run output will be captured here: C:/Users/cheny/Desktop/CS207/project_wm/project_wm.runs/synth_1/runme.log
launch_runs impl_1 -jobs 4
[Fri Dec 16 14:11:02 2022] Launched impl_1...
Run output will be captured here: C:/Users/cheny/Desktop/CS207/project_wm/project_wm.runs/impl_1/runme.log
launch_runs impl_1 -to_step write_bitstream -jobs 4
[Fri Dec 16 14:12:02 2022] Launched impl_1...
Run output will be captured here: C:/Users/cheny/Desktop/CS207/project_wm/project_wm.runs/impl_1/runme.log
set_property PROBES.FILE {} [get_hw_devices xc7a35t_0]
set_property FULL_PROBES.FILE {} [get_hw_devices xc7a35t_0]
set_property PROGRAM.FILE {C:/Users/cheny/Desktop/CS207/project_wm/project_wm.runs/impl_1/step_fsm.bit} [get_hw_devices xc7a35t_0]
program_hw_devices [get_hw_devices xc7a35t_0]
INFO: [Labtools 27-3164] End of startup status: HIGH
refresh_hw_device [lindex [get_hw_devices xc7a35t_0] 0]
INFO: [Labtools 27-1434] Device xc7a35t (JTAG device index = 0) is programmed with a design that has no supported debug core(s) in it.
WARNING: [Labtools 27-3361] The debug hub core was not detected.
Resolution: 
1. Make sure the clock connected to the debug hub (dbg_hub) core is a free running clock and is active.
2. Make sure the BSCAN_SWITCH_USER_MASK device property in Vivado Hardware Manager reflects the user scan chain setting in the design and refresh the device.  To determine the user scan chain setting in the design, open the implemented design and use 'get_property C_USER_SCAN_CHAIN [get_debug_cores dbg_hub]'.
For more details on setting the scan chain property, consult the Vivado Debug and Programming User Guide (UG908).
ERROR: [Labtoolstcl 44-513] HW Target shutdown. Closing target: localhost:3121/xilinx_tcf/Xilinx/1234-tulA
close_sim
INFO: [Simtcl 6-16] Simulation closed
exit
INFO: [Common 17-206] Exiting Vivado at Fri Dec 16 15:24:06 2022...
